<?xml version="1.0" encoding="UTF-8"?>
<testsuite xmlns:xsi="http://www.w3.org/2001/XMLSchema-instance" xsi:noNamespaceSchemaLocation="https://maven.apache.org/surefire/maven-surefire-plugin/xsd/surefire-test-report.xsd" name="projectThreeServer.ServerCodeTest" time="0.103" tests="19" errors="0" skipped="0" failures="0">
  <properties>
[...]
</properties>
  <testcase name="evaluateBankerDraw" classname="projectThreeServer.ServerCodeTest" time="0.023"/>
  <testcase name="CardConstructtest" classname="projectThreeServer.ServerCodeTest" time="0.001"/>
  <testcase name="whoWonTest1" classname="projectThreeServer.ServerCodeTest" time="0.001"/>
  <testcase name="whoWonTest2" classname="projectThreeServer.ServerCodeTest" time="0.001"/>
  <testcase name="handTotaltest1" classname="projectThreeServer.ServerCodeTest" time="0"/>
  <testcase name="handTotaltest2" classname="projectThreeServer.ServerCodeTest" time="0"/>
  <testcase name="shuffleDeckTest1" classname="projectThreeServer.ServerCodeTest" time="0.047"/>
  <testcase name="shuffleDeckTest2" classname="projectThreeServer.ServerCodeTest" time="0.011"/>
  <testcase name="evaluateBankerDraw2" classname="projectThreeServer.ServerCodeTest" time="0"/>
  <testcase name="dealHandTest1" classname="projectThreeServer.ServerCodeTest" time="0"/>
  <testcase name="dealHandTest2" classname="projectThreeServer.ServerCodeTest" time="0"/>
  <testcase name="evaluatePlayerDrawtest" classname="projectThreeServer.ServerCodeTest" time="0"/>
  <testcase name="evaluatePlayerDrawtest2" classname="projectThreeServer.ServerCodeTest" time="0"/>
  <testcase name="drawOneTest1" classname="projectThreeServer.ServerCodeTest" time="0"/>
  <testcase name="drawOneTest2" classname="projectThreeServer.ServerCodeTest" time="0"/>
  <testcase name="BaccaratDealerGenerateDeck2" classname="projectThreeServer.ServerCodeTest" time="0"/>
  <testcase name="deckSizeTest" classname="projectThreeServer.ServerCodeTest" time="0"/>
  <testcase name="BaccaratDealerGenerateDeck" classname="projectThreeServer.ServerCodeTest" time="0"/>
  <testcase name="deckSizeTest2" classname="projectThreeServer.ServerCodeTest" time="0.001"/>
</testsuite>